<?xml version="1.0" encoding="UTF-8"?>
<!-- Generated by org.testng.reporters.JUnitXMLReporter -->
<testsuite hostname="MP183YEK190617" ignored="0" name="Default test" tests="2" failures="0" timestamp="17 Sep 2019 12:25:05 GMT" time="68.062" errors="0">
  <testcase name="verifyContactsPageTitleTest" time="0.662" classname="com.qa.hotpot.tests.ContactsPageTest"/>
  <testcase name="createNewContactTest" time="12.201" classname="com.qa.hotpot.tests.ContactsPageTest"/>
</testsuite> <!-- Default test -->
