<?xml version="1.0" encoding="UTF-8"?>
<!-- Generated by org.testng.reporters.JUnitXMLReporter -->
<testsuite hostname="MP183YEK190617" ignored="0" name="Default test" tests="5" failures="0" timestamp="21 Sep 2019 19:33:26 GMT" time="265.411" errors="0">
  <testcase name="verifyContactsPageTitleTest" time="0.342" classname="com.qa.hotpot.tests.ContactsPageTest"/>
  <testcase name="createNewContactTest" time="32.374" classname="com.qa.hotpot.tests.ContactsPageTest"/>
  <testcase name="createNewContactTest" time="39.46" classname="com.qa.hotpot.tests.ContactsPageTest"/>
  <testcase name="createNewContactTest" time="32.23" classname="com.qa.hotpot.tests.ContactsPageTest"/>
  <testcase name="createNewContactTest" time="36.8" classname="com.qa.hotpot.tests.ContactsPageTest"/>
</testsuite> <!-- Default test -->
