<?xml version="1.0" encoding="UTF-8"?>
<!-- Generated by org.testng.reporters.JUnitXMLReporter -->
<testsuite hostname="MP183YEK190617" ignored="0" name="Hot spot sanity test" tests="5" failures="2" timestamp="07 Oct 2019 10:06:38 GMT" time="98.107" errors="0">
  <testcase name="loginTest" time="8.555" classname="com.qa.hotpot.tests.LoginTest"/>
  <testcase name="verifyHomePageTitleTest" time="0.019" classname="com.qa.hotpot.tests.HomePageTest"/>
  <testcase name="loginPageTitleTest" time="7.431" classname="com.qa.hotpot.tests.LoginTest"/>
  <testcase name="verifyHomePageHeaderTest" time="0.413" classname="com.qa.hotpot.tests.HomePageTest">
    <failure type="java.lang.AssertionError" message="expected [Set up your HubSpot account] but found []">
      <![CDATA[java.lang.AssertionError: expected [Set up your HubSpot account] but found []
at com.qa.hotpot.tests.HomePageTest.verifyHomePageHeaderTest(HomePageTest.java:42)
... Removed 34 stack frames]]>
    </failure>
  </testcase> <!-- verifyHomePageHeaderTest -->
  <testcase name="verifyLoggedInUserAccountTest" time="0.422" classname="com.qa.hotpot.tests.HomePageTest">
    <failure type="java.lang.AssertionError" message="expected [true] but found [false]">
      <![CDATA[java.lang.AssertionError: expected [true] but found [false]
at com.qa.hotpot.tests.HomePageTest.verifyLoggedInUserAccountTest(HomePageTest.java:49)
... Removed 32 stack frames]]>
    </failure>
  </testcase> <!-- verifyLoggedInUserAccountTest -->
</testsuite> <!-- Hot spot sanity test -->
