<?xml version="1.0" encoding="UTF-8"?>
<testng-results skipped="0" failed="2" ignored="0" total="5" passed="3">
  <reporter-output>
  </reporter-output>
  <suite name="Hot sopt test sanity suite" duration-ms="125165" started-at="2019-10-06T17:57:18Z" finished-at="2019-10-06T17:59:23Z">
    <groups>
    </groups>
    <test name="Hot spot sanity test" duration-ms="125165" started-at="2019-10-06T17:57:18Z" finished-at="2019-10-06T17:59:23Z">
      <class name="com.qa.hotpot.tests.LoginTest">
        <test-method status="PASS" signature="setUp()[pri:0, instance:com.qa.hotpot.tests.LoginTest@5f8890c2]" name="setUp" is-config="true" duration-ms="12928" started-at="2019-10-06T17:57:18Z" finished-at="2019-10-06T17:57:31Z">
          <reporter-output>
          </reporter-output>
        </test-method> <!-- setUp -->
        <test-method status="PASS" signature="loginTest()[pri:1, instance:com.qa.hotpot.tests.LoginTest@5f8890c2]" name="loginTest" duration-ms="12127" started-at="2019-10-06T17:57:31Z" description="login testnwith correct username and password" finished-at="2019-10-06T17:57:43Z">
          <reporter-output>
          </reporter-output>
        </test-method> <!-- loginTest -->
        <test-method status="PASS" signature="tearDown()[pri:0, instance:com.qa.hotpot.tests.LoginTest@5f8890c2]" name="tearDown" is-config="true" duration-ms="1718" started-at="2019-10-06T17:57:43Z" finished-at="2019-10-06T17:57:45Z">
          <reporter-output>
          </reporter-output>
        </test-method> <!-- tearDown -->
        <test-method status="PASS" signature="setUp()[pri:0, instance:com.qa.hotpot.tests.LoginTest@5f8890c2]" name="setUp" is-config="true" duration-ms="6423" started-at="2019-10-06T17:58:13Z" finished-at="2019-10-06T17:58:19Z">
          <reporter-output>
          </reporter-output>
        </test-method> <!-- setUp -->
        <test-method status="PASS" signature="loginPageTitleTest()[pri:2, instance:com.qa.hotpot.tests.LoginTest@5f8890c2]" name="loginPageTitleTest" duration-ms="5425" started-at="2019-10-06T17:58:19Z" description="login page title test" finished-at="2019-10-06T17:58:25Z">
          <reporter-output>
          </reporter-output>
        </test-method> <!-- loginPageTitleTest -->
        <test-method status="PASS" signature="tearDown()[pri:0, instance:com.qa.hotpot.tests.LoginTest@5f8890c2]" name="tearDown" is-config="true" duration-ms="1997" started-at="2019-10-06T17:58:25Z" finished-at="2019-10-06T17:58:27Z">
          <reporter-output>
          </reporter-output>
        </test-method> <!-- tearDown -->
      </class> <!-- com.qa.hotpot.tests.LoginTest -->
      <class name="com.qa.hotpot.tests.HomePageTest">
        <test-method status="PASS" signature="setUp()[pri:0, instance:com.qa.hotpot.tests.HomePageTest@607b2792]" name="setUp" is-config="true" duration-ms="25482" started-at="2019-10-06T17:57:45Z" finished-at="2019-10-06T17:58:11Z">
          <reporter-output>
          </reporter-output>
        </test-method> <!-- setUp -->
        <test-method status="PASS" signature="verifyHomePageTitleTest()[pri:1, instance:com.qa.hotpot.tests.HomePageTest@607b2792]" name="verifyHomePageTitleTest" duration-ms="305" started-at="2019-10-06T17:58:11Z" finished-at="2019-10-06T17:58:11Z">
          <reporter-output>
          </reporter-output>
        </test-method> <!-- verifyHomePageTitleTest -->
        <test-method status="PASS" signature="tearDown()[pri:0, instance:com.qa.hotpot.tests.HomePageTest@607b2792]" name="tearDown" is-config="true" duration-ms="1750" started-at="2019-10-06T17:58:11Z" finished-at="2019-10-06T17:58:13Z">
          <reporter-output>
          </reporter-output>
        </test-method> <!-- tearDown -->
        <test-method status="PASS" signature="setUp()[pri:0, instance:com.qa.hotpot.tests.HomePageTest@607b2792]" name="setUp" is-config="true" duration-ms="26685" started-at="2019-10-06T17:58:27Z" finished-at="2019-10-06T17:58:54Z">
          <reporter-output>
          </reporter-output>
        </test-method> <!-- setUp -->
        <test-method status="FAIL" signature="verifyHomePageHeaderTest()[pri:2, instance:com.qa.hotpot.tests.HomePageTest@607b2792]" name="verifyHomePageHeaderTest" duration-ms="620" started-at="2019-10-06T17:58:54Z" finished-at="2019-10-06T17:58:54Z">
          <exception class="java.lang.AssertionError">
            <message>
              <![CDATA[expected [Set up your HubSpot account] but found []]]>
            </message>
            <full-stacktrace>
              <![CDATA[java.lang.AssertionError: expected [Set up your HubSpot account] but found []
at org.testng.Assert.fail(Assert.java:96)
at org.testng.Assert.failNotEquals(Assert.java:776)
at org.testng.Assert.assertEqualsImpl(Assert.java:137)
at org.testng.Assert.assertEquals(Assert.java:118)
at org.testng.Assert.assertEquals(Assert.java:453)
at org.testng.Assert.assertEquals(Assert.java:463)
at com.qa.hotpot.tests.HomePageTest.verifyHomePageHeaderTest(HomePageTest.java:42)
at sun.reflect.NativeMethodAccessorImpl.invoke0(Native Method)
at sun.reflect.NativeMethodAccessorImpl.invoke(NativeMethodAccessorImpl.java:62)
at sun.reflect.DelegatingMethodAccessorImpl.invoke(DelegatingMethodAccessorImpl.java:43)
at java.lang.reflect.Method.invoke(Method.java:498)
at org.testng.internal.MethodInvocationHelper.invokeMethod(MethodInvocationHelper.java:124)
at org.testng.internal.Invoker.invokeMethod(Invoker.java:583)
at org.testng.internal.Invoker.invokeTestMethod(Invoker.java:719)
at org.testng.internal.Invoker.invokeTestMethods(Invoker.java:989)
at org.testng.internal.TestMethodWorker.invokeTestMethods(TestMethodWorker.java:125)
at org.testng.internal.TestMethodWorker.run(TestMethodWorker.java:109)
at org.testng.TestRunner.privateRun(TestRunner.java:648)
at org.testng.TestRunner.run(TestRunner.java:505)
at org.testng.SuiteRunner.runTest(SuiteRunner.java:455)
at org.testng.SuiteRunner.runSequentially(SuiteRunner.java:450)
at org.testng.SuiteRunner.privateRun(SuiteRunner.java:415)
at org.testng.SuiteRunner.run(SuiteRunner.java:364)
at org.testng.SuiteRunnerWorker.runSuite(SuiteRunnerWorker.java:52)
at org.testng.SuiteRunnerWorker.run(SuiteRunnerWorker.java:84)
at org.testng.TestNG.runSuitesSequentially(TestNG.java:1208)
at org.testng.TestNG.runSuitesLocally(TestNG.java:1137)
at org.testng.TestNG.runSuites(TestNG.java:1049)
at org.testng.TestNG.run(TestNG.java:1017)
at org.testng.remote.AbstractRemoteTestNG.run(AbstractRemoteTestNG.java:115)
at org.testng.remote.RemoteTestNG.initAndRun(RemoteTestNG.java:251)
at org.testng.remote.RemoteTestNG.main(RemoteTestNG.java:77)
]]>
            </full-stacktrace>
          </exception> <!-- java.lang.AssertionError -->
          <reporter-output>
          </reporter-output>
        </test-method> <!-- verifyHomePageHeaderTest -->
        <test-method status="PASS" signature="tearDown()[pri:0, instance:com.qa.hotpot.tests.HomePageTest@607b2792]" name="tearDown" is-config="true" duration-ms="1795" started-at="2019-10-06T17:58:54Z" finished-at="2019-10-06T17:58:56Z">
          <reporter-output>
          </reporter-output>
        </test-method> <!-- tearDown -->
        <test-method status="PASS" signature="setUp()[pri:0, instance:com.qa.hotpot.tests.HomePageTest@607b2792]" name="setUp" is-config="true" duration-ms="24447" started-at="2019-10-06T17:58:56Z" finished-at="2019-10-06T17:59:21Z">
          <reporter-output>
          </reporter-output>
        </test-method> <!-- setUp -->
        <test-method status="FAIL" signature="verifyLoggedInUserAccountTest()[pri:3, instance:com.qa.hotpot.tests.HomePageTest@607b2792]" name="verifyLoggedInUserAccountTest" duration-ms="477" started-at="2019-10-06T17:59:21Z" finished-at="2019-10-06T17:59:21Z">
          <exception class="java.lang.AssertionError">
            <message>
              <![CDATA[expected [true] but found [false]]]>
            </message>
            <full-stacktrace>
              <![CDATA[java.lang.AssertionError: expected [true] but found [false]
at org.testng.Assert.fail(Assert.java:96)
at org.testng.Assert.failNotEquals(Assert.java:776)
at org.testng.Assert.assertTrue(Assert.java:44)
at org.testng.Assert.assertTrue(Assert.java:54)
at com.qa.hotpot.tests.HomePageTest.verifyLoggedInUserAccountTest(HomePageTest.java:49)
at sun.reflect.NativeMethodAccessorImpl.invoke0(Native Method)
at sun.reflect.NativeMethodAccessorImpl.invoke(NativeMethodAccessorImpl.java:62)
at sun.reflect.DelegatingMethodAccessorImpl.invoke(DelegatingMethodAccessorImpl.java:43)
at java.lang.reflect.Method.invoke(Method.java:498)
at org.testng.internal.MethodInvocationHelper.invokeMethod(MethodInvocationHelper.java:124)
at org.testng.internal.Invoker.invokeMethod(Invoker.java:583)
at org.testng.internal.Invoker.invokeTestMethod(Invoker.java:719)
at org.testng.internal.Invoker.invokeTestMethods(Invoker.java:989)
at org.testng.internal.TestMethodWorker.invokeTestMethods(TestMethodWorker.java:125)
at org.testng.internal.TestMethodWorker.run(TestMethodWorker.java:109)
at org.testng.TestRunner.privateRun(TestRunner.java:648)
at org.testng.TestRunner.run(TestRunner.java:505)
at org.testng.SuiteRunner.runTest(SuiteRunner.java:455)
at org.testng.SuiteRunner.runSequentially(SuiteRunner.java:450)
at org.testng.SuiteRunner.privateRun(SuiteRunner.java:415)
at org.testng.SuiteRunner.run(SuiteRunner.java:364)
at org.testng.SuiteRunnerWorker.runSuite(SuiteRunnerWorker.java:52)
at org.testng.SuiteRunnerWorker.run(SuiteRunnerWorker.java:84)
at org.testng.TestNG.runSuitesSequentially(TestNG.java:1208)
at org.testng.TestNG.runSuitesLocally(TestNG.java:1137)
at org.testng.TestNG.runSuites(TestNG.java:1049)
at org.testng.TestNG.run(TestNG.java:1017)
at org.testng.remote.AbstractRemoteTestNG.run(AbstractRemoteTestNG.java:115)
at org.testng.remote.RemoteTestNG.initAndRun(RemoteTestNG.java:251)
at org.testng.remote.RemoteTestNG.main(RemoteTestNG.java:77)
]]>
            </full-stacktrace>
          </exception> <!-- java.lang.AssertionError -->
          <reporter-output>
          </reporter-output>
        </test-method> <!-- verifyLoggedInUserAccountTest -->
        <test-method status="PASS" signature="tearDown()[pri:0, instance:com.qa.hotpot.tests.HomePageTest@607b2792]" name="tearDown" is-config="true" duration-ms="1807" started-at="2019-10-06T17:59:21Z" finished-at="2019-10-06T17:59:23Z">
          <reporter-output>
          </reporter-output>
        </test-method> <!-- tearDown -->
      </class> <!-- com.qa.hotpot.tests.HomePageTest -->
    </test> <!-- Hot spot sanity test -->
  </suite> <!-- Hot sopt test sanity suite -->
</testng-results>
